2017-11-02 18:37:31 DEBUG OnlineBookShop:21 - hello
2017-11-02 18:39:11 INFO  OnlineBookShop:21 - ---WELCOME TO ONLINE BOOK SHOP---

2017-11-02 18:39:11 INFO  OnlineBookShop:22 - Enter 1 to login as admin
Enter 0 as normal user
Enter 99 to exit
2017-11-02 18:39:54 INFO  OnlineBookShop:21 - ---WELCOME TO ONLINE BOOK SHOP---

2017-11-02 18:39:54 INFO  OnlineBookShop:22 - 
Enter 1 to login as admin
Enter 0 as normal user
Enter 99 to exit
2017-11-02 18:43:46 INFO  OnlineBookShop:21 - ---WELCOME TO ONLINE BOOK SHOP---

2017-11-02 18:43:46 INFO  OnlineBookShop:22 - 
Enter 1 to login as admin
Enter 0 as normal user
Enter 99 to exit
2017-11-02 18:43:59 INFO  OnlineBookShop:21 - 
---WELCOME TO ONLINE BOOK SHOP---

2017-11-02 18:43:59 INFO  OnlineBookShop:22 - 
Enter 1 to login as admin
Enter 0 as normal user
Enter 99 to exit
2017-11-02 18:44:09 INFO  OnlineBookShop:48 - 
Enter 1 to see Available product
Enter 2 to add to bhookShelf
Enter 3 to add to cart
Enter 3 to search book
Enter 0 to exit
2017-11-03 11:16:21 INFO  OnlineBookShop:21 - 
---WELCOME TO ONLINE BOOK SHOP---

2017-11-03 11:16:21 INFO  OnlineBookShop:22 - 
Enter 1 to login as admin
Enter 0 as normal user
Enter 99 to exit
2017-11-03 11:26:12 INFO  OnlineBookShop:21 - 
---WELCOME TO ONLINE BOOK SHOP---

2017-11-03 11:26:12 INFO  OnlineBookShop:22 - 
Enter 1 to login as admin
Enter 0 as normal user
Enter 99 to exit
2017-11-03 11:26:18 INFO  OnlineBookShop:48 - 
Enter 1 to see Available product
Enter 2 to add to bhookShelf
Enter 3 to add to cart
Enter 3 to search book
Enter 0 to exit
2017-11-03 11:26:34 INFO  OnlineBookShop:48 - 
Enter 1 to see Available product
Enter 2 to add to bhookShelf
Enter 3 to add to cart
Enter 3 to search book
Enter 0 to exit
2017-11-03 11:26:43 INFO  OnlineBookShop:48 - 
Enter 1 to see Available product
Enter 2 to add to bhookShelf
Enter 3 to add to cart
Enter 3 to search book
Enter 0 to exit
2017-11-03 11:38:25 INFO  OnlineBookShop:21 - 
---WELCOME TO ONLINE BOOK SHOP---

2017-11-03 11:38:25 INFO  OnlineBookShop:22 - 
Enter 1 to login as admin
Enter 0 as normal user
Enter 99 to exit
2017-11-03 11:38:28 INFO  OnlineBookShop:48 - 
Enter 1 to see Available product
Enter 2 to add to bhookShelf
Enter 3 to add to cart
Enter 3 to search book
Enter 0 to exit
2017-11-03 11:38:33 INFO  OnlineBookShop:48 - 
Enter 1 to see Available product
Enter 2 to add to bhookShelf
Enter 3 to add to cart
Enter 3 to search book
Enter 0 to exit
2017-11-03 11:39:22 INFO  OnlineBookShop:21 - 
---WELCOME TO ONLINE BOOK SHOP---

2017-11-03 11:39:22 INFO  OnlineBookShop:22 - 
Enter 1 to login as admin
Enter 0 as normal user
Enter 99 to exit
2017-11-03 11:39:24 INFO  OnlineBookShop:48 - 
Enter 1 to see Available product
Enter 2 to add to bhookShelf
Enter 3 to add to cart
Enter 3 to search book
Enter 0 to exit
2017-11-03 11:42:34 INFO  OnlineBookShop:21 - 
---WELCOME TO ONLINE BOOK SHOP---

2017-11-03 11:42:34 INFO  OnlineBookShop:22 - 
Enter 1 to login as admin
Enter 0 as normal user
Enter 99 to exit
2017-11-03 11:42:36 INFO  OnlineBookShop:48 - 
Enter 1 to see Available product
Enter 2 to add to bhookShelf
Enter 3 to add to cart
Enter 3 to search book
Enter 0 to exit
2017-11-03 11:42:39 INFO  OnlineBookShop:48 - 
Enter 1 to see Available product
Enter 2 to add to bhookShelf
Enter 3 to add to cart
Enter 3 to search book
Enter 0 to exit
2017-11-03 11:44:01 INFO  OnlineBookShop:21 - 
---WELCOME TO ONLINE BOOK SHOP---

2017-11-03 11:44:01 INFO  OnlineBookShop:22 - 
Enter 1 to login as admin
Enter 0 as normal user
Enter 99 to exit
2017-11-03 11:44:03 INFO  OnlineBookShop:48 - 
Enter 1 to see Available product
Enter 2 to add to bhookShelf
Enter 3 to add to cart
Enter 3 to search book
Enter 0 to exit
2017-11-03 11:46:59 INFO  OnlineBookShop:21 - 
---WELCOME TO ONLINE BOOK SHOP---

2017-11-03 11:46:59 INFO  OnlineBookShop:22 - 
Enter 1 to login as admin
Enter 0 as normal user
Enter 99 to exit
2017-11-03 11:47:01 INFO  OnlineBookShop:48 - 
Enter 1 to see Available product
Enter 2 to add to bhookShelf
Enter 3 to add to cart
Enter 3 to search book
Enter 0 to exit
2017-11-03 11:52:00 INFO  OnlineBookShop:21 - 
---WELCOME TO ONLINE BOOK SHOP---

2017-11-03 11:52:00 INFO  OnlineBookShop:22 - 
Enter 1 to login as admin
Enter 0 as normal user
Enter 99 to exit
2017-11-03 11:52:03 INFO  OnlineBookShop:48 - 
Enter 1 to see Available product
Enter 2 to add to bhookShelf
Enter 3 to add to cart
Enter 3 to search book
Enter 0 to exit
2017-11-03 11:52:05 DEBUG BookShelf:21 - enter book name to add ?
2017-11-03 11:52:14 DEBUG BookShelf:31 - []
BookShelf is empty.add books from Availble book store.

2017-11-03 11:54:35 INFO  OnlineBookShop:21 - 
---WELCOME TO ONLINE BOOK SHOP---

2017-11-03 11:54:35 INFO  OnlineBookShop:22 - 
Enter 1 to login as admin
Enter 0 as normal user
Enter 99 to exit
2017-11-03 11:54:38 INFO  OnlineBookShop:48 - 
Enter 1 to see Available product
Enter 2 to add to bhookShelf
Enter 3 to add to cart
Enter 3 to search book
Enter 0 to exit
2017-11-03 11:54:41 INFO  OnlineBookShop:48 - 
Enter 1 to see Available product
Enter 2 to add to bhookShelf
Enter 3 to add to cart
Enter 3 to search book
Enter 0 to exit
2017-11-03 11:54:57 DEBUG BookShelf:21 - enter book name to add ?
2017-11-03 11:55:04 DEBUG BookShelf:30 - []
BookShelf is empty.add books from Availble book store.

2017-11-03 12:51:52 INFO  OnlineBookShop:21 - 
---WELCOME TO ONLINE BOOK SHOP---

2017-11-03 12:51:52 INFO  OnlineBookShop:22 - 
Enter 1 to login as admin
Enter 0 as normal user
Enter 99 to exit
2017-11-03 12:51:54 INFO  OnlineBookShop:48 - 
Enter 1 to see Available product
Enter 2 to add to bhookShelf
Enter 3 to add to cart
Enter 3 to search book
Enter 0 to exit
2017-11-03 12:51:56 DEBUG BookShelf:24 - enter book name to add ?
2017-11-03 12:52:13 DEBUG BookShelf:34 - []
BookShelf is empty.add books from Availble book store.

2017-11-03 12:53:37 INFO  OnlineBookShop:21 - 
---WELCOME TO ONLINE BOOK SHOP---

2017-11-03 12:53:37 INFO  OnlineBookShop:22 - 
Enter 1 to login as admin
Enter 0 as normal user
Enter 99 to exit
2017-11-03 12:53:41 INFO  OnlineBookShop:48 - 
Enter 1 to see Available product
Enter 2 to add to bhookShelf
Enter 3 to add to cart
Enter 3 to search book
Enter 0 to exit
2017-11-03 12:56:07 INFO  OnlineBookShop:21 - 
---WELCOME TO ONLINE BOOK SHOP---

2017-11-03 12:56:07 INFO  OnlineBookShop:22 - 
Enter 1 to login as admin
Enter 0 as normal user
Enter 99 to exit
2017-11-03 12:56:09 INFO  OnlineBookShop:48 - 
Enter 1 to see Available product
Enter 2 to add to bhookShelf
Enter 3 to add to cart
Enter 3 to search book
Enter 0 to exit
2017-11-03 12:56:12 DEBUG BookShelf:24 - 
enter book name to add ?
2017-11-03 12:58:34 INFO  OnlineBookShop:21 - 
---WELCOME TO ONLINE BOOK SHOP---

2017-11-03 12:58:34 INFO  OnlineBookShop:22 - 
Enter 1 to login as admin
Enter 0 as normal user
Enter 99 to exit
2017-11-03 12:58:36 INFO  OnlineBookShop:48 - 
Enter 1 to see Available product
Enter 2 to add to bhookShelf
Enter 3 to add to cart
Enter 3 to search book
Enter 0 to exit
2017-11-03 12:58:38 DEBUG BookShelf:25 - 
enter book name to add ?
2017-11-03 12:58:40 DEBUG OnlineBookShop:57 - Optional.empty
2017-11-03 12:59:06 INFO  OnlineBookShop:21 - 
---WELCOME TO ONLINE BOOK SHOP---

2017-11-03 12:59:06 INFO  OnlineBookShop:22 - 
Enter 1 to login as admin
Enter 0 as normal user
Enter 99 to exit
2017-11-03 12:59:08 INFO  OnlineBookShop:48 - 
Enter 1 to see Available product
Enter 2 to add to bhookShelf
Enter 3 to add to cart
Enter 3 to search book
Enter 0 to exit
2017-11-03 12:59:10 DEBUG BookShelf:25 - 
enter book name to add ?
2017-11-03 12:59:12 DEBUG OnlineBookShop:57 - Optional[bookName= java, Author= games,  price 200.56]
2017-11-03 13:08:44 INFO  OnlineBookShop:21 - 
---WELCOME TO ONLINE BOOK SHOP---

2017-11-03 13:08:44 INFO  OnlineBookShop:22 - 
Enter 1 to login as admin
Enter 0 as normal user
Enter 99 to exit
2017-11-03 13:08:46 INFO  OnlineBookShop:48 - 
Enter 1 to see Available product
Enter 2 to add to bhookShelf
Enter 3 to add to cart
Enter 3 to search book
Enter 0 to exit
2017-11-03 13:08:47 DEBUG BookShelf:24 - 
enter book name to add ?
2017-11-03 13:08:48 ERROR BookShelf:29 - book not present!!
2017-11-03 13:08:53 INFO  OnlineBookShop:21 - 
---WELCOME TO ONLINE BOOK SHOP---

2017-11-03 13:08:53 INFO  OnlineBookShop:22 - 
Enter 1 to login as admin
Enter 0 as normal user
Enter 99 to exit
2017-11-03 13:08:55 INFO  OnlineBookShop:48 - 
Enter 1 to see Available product
Enter 2 to add to bhookShelf
Enter 3 to add to cart
Enter 3 to search book
Enter 0 to exit
2017-11-03 13:08:57 DEBUG BookShelf:24 - 
enter book name to add ?
2017-11-03 13:08:59 DEBUG BookShelf:31 - book sucessfully added to Bookshelf[bookName= c, Author= dennis,  price 300.56]
2017-11-03 13:09:22 INFO  OnlineBookShop:21 - 
---WELCOME TO ONLINE BOOK SHOP---

2017-11-03 13:09:22 INFO  OnlineBookShop:22 - 
Enter 1 to login as admin
Enter 0 as normal user
Enter 99 to exit
2017-11-03 13:09:24 INFO  OnlineBookShop:48 - 
Enter 1 to see Available product
Enter 2 to add to bhookShelf
Enter 3 to add to cart
Enter 3 to search book
Enter 0 to exit
2017-11-03 13:09:26 DEBUG BookShelf:24 - 
enter book name to add ?
2017-11-03 13:09:31 DEBUG BookShelf:31 - 
book sucessfully added to Bookshelf
[bookName= Sql, Author= Donald,  price 249.56]
2017-11-03 14:09:54 INFO  OnlineBookShop:21 - 
---WELCOME TO ONLINE BOOK SHOP---

2017-11-03 14:09:54 INFO  OnlineBookShop:22 - 
Enter 1 to login as admin
Enter 0 as normal user
Enter 99 to exit
2017-11-03 14:09:56 INFO  OnlineBookShop:48 - 
Enter 1 to see Available product
Enter 2 to add to bhookShelf
Enter 3 to add to cart
Enter 3 to search book
Enter 0 to exit
2017-11-03 14:09:59 DEBUG BookShelf:24 - 
enter book name to add ?
2017-11-03 14:10:02 ERROR BookShelf:29 - book not present!!
2017-11-03 14:10:16 INFO  OnlineBookShop:21 - 
---WELCOME TO ONLINE BOOK SHOP---

2017-11-03 14:10:16 INFO  OnlineBookShop:22 - 
Enter 1 to login as admin
Enter 0 as normal user
Enter 99 to exit
2017-11-03 14:27:12 INFO  OnlineBookShop:21 - 
---WELCOME TO ONLINE BOOK SHOP---

2017-11-03 14:27:12 INFO  OnlineBookShop:22 - 
Enter 1 to login as admin
Enter 0 as normal user
Enter 99 to exit
2017-11-03 14:27:15 INFO  Admin:18 - enter the Admin name
2017-11-03 14:27:18 INFO  Admin:20 - enter the Admin password
2017-11-03 14:27:21 INFO  Admin:23 - -----Hello Admin----.

2017-11-03 14:27:21 INFO  Admin:33 - Enter 1 to add book
Enter 2 to remove book
Enter 3 to editBooks
Enter 4 to exit
2017-11-03 14:27:25 INFO  Admin:64 - enter book name to remove ?
2017-11-03 14:27:28 DEBUG Product:44 - 
book removed succesfully

2017-11-03 14:27:28 ERROR Admin:73 - mismatched!.book not found by this input.
2017-11-03 14:27:28 INFO  Admin:33 - Enter 1 to add book
Enter 2 to remove book
Enter 3 to editBooks
Enter 4 to exit
